#
# There is insufficient memory for the Java Runtime Environment to continue.
# Native memory allocation (mmap) failed to map 201326592 bytes for G1 virtual space
# Possible reasons:
#   The system is out of physical RAM or swap space
#   The process is running with CompressedOops enabled, and the Java Heap may be blocking the growth of the native heap
# Possible solutions:
#   Reduce memory load on the system
#   Increase physical memory or swap space
#   Check if swap backing store is full
#   Decrease Java heap size (-Xmx/-Xms)
#   Decrease number of Java threads
#   Decrease Java thread stack sizes (-Xss)
#   Set larger code cache with -XX:ReservedCodeCacheSize=
#   JVM is running with Zero Based Compressed Oops mode in which the Java heap is
#     placed in the first 32GB address space. The Java Heap base address is the
#     maximum limit for the native heap growth. Please use -XX:HeapBaseMinAddress
#     to set the Java Heap base and to place the Java Heap above 32GB virtual address.
# This output file may be truncated or incomplete.
#
#  Out of Memory Error (os_windows.cpp:3557), pid=13136, tid=23096
#
# JRE version:  (17.0.6+10) (build )
# Java VM: OpenJDK 64-Bit Server VM (17.0.6+10, mixed mode, sharing, tiered, compressed oops, compressed class ptrs, g1 gc, windows-amd64)
# No core dump will be written. Minidumps are not enabled by default on client versions of Windows
#

---------------  S U M M A R Y ------------

Command Line: -Dfile.encoding=UTF-8 --module-path=C:\Users\karti\OneDrive\Documents\JarFiles\jcalendar-tz-1.3.3-4.jar;C:\Users\karti\OneDrive\Documents\Desktop\cth\Java_CareerThon\jstl-1.2.jar;C:\Users\karti\OneDrive\Documents\Desktop\cth\Java_CareerThon\mysql-connector-java-8.0.30.jar;C:\Users\karti\OneDrive\Documents\Desktop\cth\Java_CareerThon\protobuf-java-3.19.4.jar -XX:+ShowCodeDetailsInExceptionMessages bankManagementSystem.NewUser3

Host: Intel(R) Core(TM) i3-7020U CPU @ 2.30GHz, 4 cores, 11G,  Windows 10 , 64 bit Build 19041 (10.0.19041.2788)
Time: Fri Apr 21 18:36:53 2023 India Standard Time elapsed time: 0.059966 seconds (0d 0h 0m 0s)

---------------  T H R E A D  ---------------

Current thread (0x000002c285237520):  JavaThread "Unknown thread" [_thread_in_vm, id=23096, stack(0x000000eb2da00000,0x000000eb2db00000)]

Stack: [0x000000eb2da00000,0x000000eb2db00000]
Native frames: (J=compiled Java code, j=interpreted, Vv=VM code, C=native code)
V  [jvm.dll+0x67741a]
V  [jvm.dll+0x834434]
V  [jvm.dll+0x835bde]
V  [jvm.dll+0x836243]
V  [jvm.dll+0x2457b5]
V  [jvm.dll+0x674329]
V  [jvm.dll+0x6689da]
V  [jvm.dll+0x30489b]
V  [jvm.dll+0x30bd96]
V  [jvm.dll+0x35b57e]
V  [jvm.dll+0x35b7af]
V  [jvm.dll+0x2db778]
V  [jvm.dll+0x2dc6e4]
V  [jvm.dll+0x806131]
V  [jvm.dll+0x369331]
V  [jvm.dll+0x7e56ac]
V  [jvm.dll+0x3eb35f]
V  [jvm.dll+0x3ecea1]
C  [jli.dll+0x5267]
C  [ucrtbase.dll+0x21bb2]
C  [KERNEL32.DLL+0x17604]
C  [ntdll.dll+0x526a1]


---------------  P R O C E S S  ---------------

Threads class SMR info:
_java_thread_list=0x00007ffd2bc85fd8, length=0, elements={
}

Java Threads: ( => current thread )

Other Threads:
  0x000002c285290100 GCTaskThread "GC Thread#0" [stack: 0x000000eb2db00000,0x000000eb2dc00000] [id=21224]
  0x000002c28529d660 ConcurrentGCThread "G1 Main Marker" [stack: 0x000000eb2dc00000,0x000000eb2dd00000] [id=2336]
  0x000002c28529e070 ConcurrentGCThread "G1 Conc#0" [stack: 0x000000eb2dd00000,0x000000eb2de00000] [id=22836]

[error occurred during error reporting (printing all threads), id 0xc0000005, EXCEPTION_ACCESS_VIOLATION (0xc0000005) at pc=0x00007ffd2b45c1e7]

VM state: not at safepoint (not fully initialized)

VM Mutex/Monitor currently owned by a thread:  ([mutex/lock_event])
[0x000002c2852346c0] Heap_lock - owner thread: 0x000002c285237520

Heap address: 0x0000000741800000, size: 3048 MB, Compressed Oops mode: Zero based, Oop shift amount: 3

CDS archive(s) mapped at: [0x0000000000000000-0x0000000000000000-0x0000000000000000), size 0, SharedBaseAddress: 0x0000000800000000, ArchiveRelocationMode: 0.
Narrow klass base: 0x0000000000000000, Narrow klass shift: 0, Narrow klass range: 0x0

GC Precious Log:
<Empty>

Heap:
 garbage-first heap   total 0K, used 0K [0x0000000741800000, 0x0000000800000000)
  region size 2048K, 0 young (0K), 0 survivors (0K)

[error occurred during error reporting (printing heap information), id 0xc0000005, EXCEPTION_ACCESS_VIOLATION (0xc0000005) at pc=0x00007ffd2b8406f9]

GC Heap History (0 events):
No events

Dll operation events (1 events):
Event: 0.016 Loaded shared library C:\Users\karti\.p2\pool\plugins\org.eclipse.justj.openjdk.hotspot.jre.full.win32.x86_64_17.0.6.v20230204-1729\jre\bin\java.dll

Deoptimization events (0 events):
No events

Classes unloaded (0 events):
No events

Classes redefined (0 events):
No events

Internal exceptions (0 events):
No events

VM Operations (0 events):
No events

Events (0 events):
No events


Dynamic libraries:
0x00007ff66a810000 - 0x00007ff66a81e000 	C:\Users\karti\.p2\pool\plugins\org.eclipse.justj.openjdk.hotspot.jre.full.win32.x86_64_17.0.6.v20230204-1729\jre\bin\javaw.exe
0x00007ffd814b0000 - 0x00007ffd816a8000 	C:\Windows\SYSTEM32\ntdll.dll
0x00007ffd7f510000 - 0x00007ffd7f5cf000 	C:\Windows\System32\KERNEL32.DLL
0x00007ffd7f230000 - 0x00007ffd7f50a000 	C:\Windows\System32\KERNELBASE.dll
0x00007ffd7ef90000 - 0x00007ffd7f090000 	C:\Windows\System32\ucrtbase.dll
0x00007ffd76e20000 - 0x00007ffd76e37000 	C:\Users\karti\.p2\pool\plugins\org.eclipse.justj.openjdk.hotspot.jre.full.win32.x86_64_17.0.6.v20230204-1729\jre\bin\jli.dll
0x00007ffd80050000 - 0x00007ffd801ed000 	C:\Windows\System32\USER32.dll
0x00007ffd7f200000 - 0x00007ffd7f222000 	C:\Windows\System32\win32u.dll
0x00007ffd7fc90000 - 0x00007ffd7fcbb000 	C:\Windows\System32\GDI32.dll
0x00007ffd7ee80000 - 0x00007ffd7ef90000 	C:\Windows\System32\gdi32full.dll
0x00007ffd7ed90000 - 0x00007ffd7ee2d000 	C:\Windows\System32\msvcp_win.dll
0x00007ffd702c0000 - 0x00007ffd702d9000 	C:\Users\karti\.p2\pool\plugins\org.eclipse.justj.openjdk.hotspot.jre.full.win32.x86_64_17.0.6.v20230204-1729\jre\bin\VCRUNTIME140.dll
0x00007ffd6c9a0000 - 0x00007ffd6cc3a000 	C:\Windows\WinSxS\amd64_microsoft.windows.common-controls_6595b64144ccf1df_6.0.19041.1110_none_60b5254171f9507e\COMCTL32.dll
0x00007ffd7fed0000 - 0x00007ffd7ff6e000 	C:\Windows\System32\msvcrt.dll
0x00007ffd80f60000 - 0x00007ffd80f90000 	C:\Windows\System32\IMM32.DLL
0x00007ffd795a0000 - 0x00007ffd795ac000 	C:\Users\karti\.p2\pool\plugins\org.eclipse.justj.openjdk.hotspot.jre.full.win32.x86_64_17.0.6.v20230204-1729\jre\bin\vcruntime140_1.dll
0x00007ffd5ae40000 - 0x00007ffd5aed1000 	C:\Users\karti\.p2\pool\plugins\org.eclipse.justj.openjdk.hotspot.jre.full.win32.x86_64_17.0.6.v20230204-1729\jre\bin\msvcp140.dll
0x00007ffd2b170000 - 0x00007ffd2bdb7000 	C:\Users\karti\.p2\pool\plugins\org.eclipse.justj.openjdk.hotspot.jre.full.win32.x86_64_17.0.6.v20230204-1729\jre\bin\server\jvm.dll
0x00007ffd7fbd0000 - 0x00007ffd7fc7e000 	C:\Windows\System32\ADVAPI32.dll
0x00007ffd804e0000 - 0x00007ffd8057c000 	C:\Windows\System32\sechost.dll
0x00007ffd80e30000 - 0x00007ffd80f56000 	C:\Windows\System32\RPCRT4.dll
0x00007ffd7a720000 - 0x00007ffd7a729000 	C:\Windows\SYSTEM32\WSOCK32.dll
0x00007ffd80670000 - 0x00007ffd806db000 	C:\Windows\System32\WS2_32.dll
0x00007ffd66670000 - 0x00007ffd66697000 	C:\Windows\SYSTEM32\WINMM.dll
0x00007ffd75fa0000 - 0x00007ffd75faa000 	C:\Windows\SYSTEM32\VERSION.dll
0x00007ffd7d410000 - 0x00007ffd7d422000 	C:\Windows\SYSTEM32\kernel.appcore.dll
0x00007ffd7a710000 - 0x00007ffd7a71a000 	C:\Users\karti\.p2\pool\plugins\org.eclipse.justj.openjdk.hotspot.jre.full.win32.x86_64_17.0.6.v20230204-1729\jre\bin\jimage.dll
0x00007ffd7c980000 - 0x00007ffd7cb64000 	C:\Windows\SYSTEM32\DBGHELP.DLL
0x00007ffd66d20000 - 0x00007ffd66d54000 	C:\Windows\SYSTEM32\dbgcore.DLL
0x00007ffd7f0c0000 - 0x00007ffd7f142000 	C:\Windows\System32\bcryptPrimitives.dll
0x00007ffd76970000 - 0x00007ffd76995000 	C:\Users\karti\.p2\pool\plugins\org.eclipse.justj.openjdk.hotspot.jre.full.win32.x86_64_17.0.6.v20230204-1729\jre\bin\java.dll

dbghelp: loaded successfully - version: 4.0.5 - missing functions: none
symbol engine: initialized successfully - sym options: 0x614 - pdb path: .;C:\Users\karti\.p2\pool\plugins\org.eclipse.justj.openjdk.hotspot.jre.full.win32.x86_64_17.0.6.v20230204-1729\jre\bin;C:\Windows\SYSTEM32;C:\Windows\WinSxS\amd64_microsoft.windows.common-controls_6595b64144ccf1df_6.0.19041.1110_none_60b5254171f9507e;C:\Users\karti\.p2\pool\plugins\org.eclipse.justj.openjdk.hotspot.jre.full.win32.x86_64_17.0.6.v20230204-1729\jre\bin\server

VM Arguments:
jvm_args: -Dfile.encoding=UTF-8 --module-path=C:\Users\karti\OneDrive\Documents\JarFiles\jcalendar-tz-1.3.3-4.jar;C:\Users\karti\OneDrive\Documents\Desktop\cth\Java_CareerThon\jstl-1.2.jar;C:\Users\karti\OneDrive\Documents\Desktop\cth\Java_CareerThon\mysql-connector-java-8.0.30.jar;C:\Users\karti\OneDrive\Documents\Desktop\cth\Java_CareerThon\protobuf-java-3.19.4.jar -XX:+ShowCodeDetailsInExceptionMessages 
java_command: bankManagementSystem.NewUser3
java_class_path (initial): C:\Users\karti\eclipse-workspace\BankingManagementSystem\bin
Launcher Type: SUN_STANDARD

[Global flags]
     intx CICompilerCount                          = 3                                         {product} {ergonomic}
     uint ConcGCThreads                            = 1                                         {product} {ergonomic}
     uint G1ConcRefinementThreads                  = 4                                         {product} {ergonomic}
   size_t G1HeapRegionSize                         = 2097152                                   {product} {ergonomic}
    uintx GCDrainStackTargetSize                   = 64                                        {product} {ergonomic}
   size_t InitialHeapSize                          = 201326592                                 {product} {ergonomic}
   size_t MarkStackSize                            = 4194304                                   {product} {ergonomic}
   size_t MaxHeapSize                              = 3196059648                                {product} {ergonomic}
   size_t MinHeapDeltaBytes                        = 2097152                                   {product} {ergonomic}
   size_t MinHeapSize                              = 8388608                                   {product} {ergonomic}
    uintx NonNMethodCodeHeapSize                   = 5832780                                {pd product} {ergonomic}
    uintx NonProfiledCodeHeapSize                  = 122912730                              {pd product} {ergonomic}
    uintx ProfiledCodeHeapSize                     = 122912730                              {pd product} {ergonomic}
    uintx ReservedCodeCacheSize                    = 251658240                              {pd product} {ergonomic}
     bool SegmentedCodeCache                       = true                                      {product} {ergonomic}
     bool ShowCodeDetailsInExceptionMessages       = true                                   {manageable} {command line}
   size_t SoftMaxHeapSize                          = 3196059648                             {manageable} {ergonomic}
     bool UseCompressedClassPointers               = true                           {product lp64_product} {ergonomic}
     bool UseCompressedOops                        = true                           {product lp64_product} {ergonomic}
     bool UseG1GC                                  = true                                      {product} {ergonomic}
     bool UseLargePagesIndividualAllocation        = false                                  {pd product} {ergonomic}

Logging:
Log output configuration:
 #0: stdout all=warning uptime,level,tags
 #1: stderr all=off uptime,level,tags

Environment Variables:
JAVA_HOME=C:\Program Files\Java\jdk-17
PATH=C:/Users/karti/.p2/pool/plugins/org.eclipse.justj.openjdk.hotspot.jre.full.win32.x86_64_17.0.6.v20230204-1729/jre/bin/server;C:/Users/karti/.p2/pool/plugins/org.eclipse.justj.openjdk.hotspot.jre.full.win32.x86_64_17.0.6.v20230204-1729/jre/bin;C:\Windows\system32;C:\Windows;C:\Windows\System32\Wbem;C:\Windows\System32\WindowsPowerShell\v1.0\;C:\Windows\System32\OpenSSH\;C:\MinGW\bin;C:\Program Files\nodejs;C:\Program Files\Git\cmd;C:\Program Files\Java\jdk-17\bin;C:\Users\karti\Downloads\apache-maven-3.9.1-bin\apache-maven-3.9.1\bin;C:\Program Files\Java\jdk-17;C:\Users\karti\Downloads\apache-maven-3.9.1-bin\apache-maven-3.9.1;C:\Users\karti\AppData\Local\Programs\Python\Python311\Scripts\;C:\Users\karti\AppData\Local\Programs\Python\Python311\;C:\Program Files\MySQL\MySQL Shell 8.0\bin\;C:\Users\karti\AppData\Local\Microsoft\WindowsApps;C:\Program Files\JetBrains\IntelliJ IDEA Community Edition 2022.3.1\bin;;C:\Users\karti\AppData\Roaming\npm;C:\Users\karti\AppData\Local\Programs\Microsoft VS Code\bin;;C:\Users\karti\eclipse\jee-2022-12\eclipse;
USERNAME=karti
OS=Windows_NT
PROCESSOR_IDENTIFIER=Intel64 Family 6 Model 142 Stepping 9, GenuineIntel
TMP=C:\Users\karti\AppData\Local\Temp
TEMP=C:\Users\karti\AppData\Local\Temp



---------------  S Y S T E M  ---------------

OS:
 Windows 10 , 64 bit Build 19041 (10.0.19041.2788)
OS uptime: 3 days 4:45 hours

CPU: total 4 (initial active 4) (2 cores per cpu, 2 threads per core) family 6 model 142 stepping 9 microcode 0xf0, cx8, cmov, fxsr, ht, mmx, 3dnowpref, sse, sse2, sse3, ssse3, sse4.1, sse4.2, popcnt, lzcnt, tsc, tscinvbit, avx, avx2, aes, erms, clmul, bmi1, bmi2, adx, fma, vzeroupper, clflush, clflushopt

Memory: 4k page, system-wide physical 12190M (3707M free)
TotalPageFile size 49054M (AvailPageFile size 125M)
current process WorkingSet (physical memory assigned to process): 10M, peak: 10M
current process commit charge ("private bytes"): 51M, peak: 243M

vm_info: OpenJDK 64-Bit Server VM (17.0.6+10) for windows-amd64 JRE (17.0.6+10), built on Jan 18 2023 10:08:59 by "temurin" with MS VC++ 16.7 (VS2019)

END.
